<?xml version="1.0" encoding="UTF-8"?>
<!-- Generated by org.testng.reporters.JUnitReportReporter -->
<testsuite skipped="0" hostname="Nilesh-PC" name="gmail.login.MouseActions" tests="1" failures="0" timestamp="2019-10-07T13:35:28 IST" time="7.994" errors="0">
  <testcase name="MouseEvent" time="7.994" classname="gmail.login.MouseActions"/>
</testsuite> <!-- gmail.login.MouseActions -->
